<?xml version="1.0" encoding="UTF-8"?>
<!-- Generated by org.testng.reporters.JUnitReportReporter -->
<testsuite skipped="0" hostname="arkas-MacBook-Pro.local" name="com.GetRestAssuredSecondAssignment.qa.TestCase.GetMethodsRestAssuredTest" tests="3" failures="0" timestamp="02 Jun 2018 12:23:01 GMT" time="3.307" errors="0">
  <testcase name="ValidateStatusCode" time="0.635" classname="com.GetRestAssuredSecondAssignment.qa.TestCase.GetMethodsRestAssuredTest"/>
  <testcase name="ValidateResponseBody" time="2.190" classname="com.GetRestAssuredSecondAssignment.qa.TestCase.GetMethodsRestAssuredTest"/>
  <testcase name="ValidateHeader" time="0.482" classname="com.GetRestAssuredSecondAssignment.qa.TestCase.GetMethodsRestAssuredTest"/>
</testsuite> <!-- com.GetRestAssuredSecondAssignment.qa.TestCase.GetMethodsRestAssuredTest -->
